2024-08-30 10:31:36 [hdos_api] INFO hdos_api::src/main.rs:49 - Starting server..
2024-08-30 10:31:36 [actix_server::builder] INFO actix_server::builder::/home/david/.cargo/registry/src/index.crates.io-6f17d22bba15001f/actix-server-2.4.0/src/builder.rs:272 - starting 8 workers
2024-08-30 10:31:36 [actix_server::server] INFO actix_server::server::/home/david/.cargo/registry/src/index.crates.io-6f17d22bba15001f/actix-server-2.4.0/src/server.rs:196 - Actix runtime found; starting in Actix runtime
2024-08-30 10:33:05 [actix_server::server] INFO actix_server::server::/home/david/.cargo/registry/src/index.crates.io-6f17d22bba15001f/actix-server-2.4.0/src/server.rs:319 - SIGINT received; starting forced shutdown
2024-08-30 10:33:05 [actix_server::accept] INFO actix_server::accept::/home/david/.cargo/registry/src/index.crates.io-6f17d22bba15001f/actix-server-2.4.0/src/accept.rs:143 - accept thread stopped
2024-08-30 10:33:05 [actix_server::worker] INFO actix_server::worker::/home/david/.cargo/registry/src/index.crates.io-6f17d22bba15001f/actix-server-2.4.0/src/worker.rs:595 - shutting down idle worker
2024-08-30 10:33:06 [actix_server::worker] INFO actix_server::worker::/home/david/.cargo/registry/src/index.crates.io-6f17d22bba15001f/actix-server-2.4.0/src/worker.rs:595 - shutting down idle worker
2024-08-30 10:33:06 [actix_server::worker] INFO actix_server::worker::/home/david/.cargo/registry/src/index.crates.io-6f17d22bba15001f/actix-server-2.4.0/src/worker.rs:595 - shutting down idle worker
2024-08-30 10:33:06 [actix_server::worker] INFO actix_server::worker::/home/david/.cargo/registry/src/index.crates.io-6f17d22bba15001f/actix-server-2.4.0/src/worker.rs:595 - shutting down idle worker
2024-08-30 10:33:06 [actix_server::worker] INFO actix_server::worker::/home/david/.cargo/registry/src/index.crates.io-6f17d22bba15001f/actix-server-2.4.0/src/worker.rs:595 - shutting down idle worker
2024-08-30 10:33:06 [actix_server::worker] INFO actix_server::worker::/home/david/.cargo/registry/src/index.crates.io-6f17d22bba15001f/actix-server-2.4.0/src/worker.rs:595 - shutting down idle worker
2024-08-30 10:33:06 [actix_server::worker] INFO actix_server::worker::/home/david/.cargo/registry/src/index.crates.io-6f17d22bba15001f/actix-server-2.4.0/src/worker.rs:595 - shutting down idle worker
2024-08-30 13:10:49 [hdos_api] INFO hdos_api::src/main.rs:49 - Starting server..
2024-08-30 13:10:49 [actix_server::builder] INFO actix_server::builder::/home/david/.cargo/registry/src/index.crates.io-6f17d22bba15001f/actix-server-2.4.0/src/builder.rs:272 - starting 8 workers
2024-08-30 13:10:49 [actix_server::server] INFO actix_server::server::/home/david/.cargo/registry/src/index.crates.io-6f17d22bba15001f/actix-server-2.4.0/src/server.rs:196 - Actix runtime found; starting in Actix runtime
2024-08-30 13:12:25 [actix_server::server] INFO actix_server::server::/home/david/.cargo/registry/src/index.crates.io-6f17d22bba15001f/actix-server-2.4.0/src/server.rs:319 - SIGINT received; starting forced shutdown
2024-08-30 13:12:25 [actix_server::accept] INFO actix_server::accept::/home/david/.cargo/registry/src/index.crates.io-6f17d22bba15001f/actix-server-2.4.0/src/accept.rs:143 - accept thread stopped
2024-08-30 13:12:25 [actix_server::worker] INFO actix_server::worker::/home/david/.cargo/registry/src/index.crates.io-6f17d22bba15001f/actix-server-2.4.0/src/worker.rs:595 - shutting down idle worker
2024-08-30 13:12:25 [actix_server::worker] INFO actix_server::worker::/home/david/.cargo/registry/src/index.crates.io-6f17d22bba15001f/actix-server-2.4.0/src/worker.rs:595 - shutting down idle worker
2024-08-30 13:12:25 [actix_server::worker] INFO actix_server::worker::/home/david/.cargo/registry/src/index.crates.io-6f17d22bba15001f/actix-server-2.4.0/src/worker.rs:595 - shutting down idle worker
2024-08-30 13:12:25 [actix_server::worker] INFO actix_server::worker::/home/david/.cargo/registry/src/index.crates.io-6f17d22bba15001f/actix-server-2.4.0/src/worker.rs:595 - shutting down idle worker
2024-08-30 13:12:25 [actix_server::worker] INFO actix_server::worker::/home/david/.cargo/registry/src/index.crates.io-6f17d22bba15001f/actix-server-2.4.0/src/worker.rs:595 - shutting down idle worker
2024-08-30 13:12:25 [actix_server::worker] INFO actix_server::worker::/home/david/.cargo/registry/src/index.crates.io-6f17d22bba15001f/actix-server-2.4.0/src/worker.rs:595 - shutting down idle worker
2024-08-30 13:12:25 [actix_server::worker] INFO actix_server::worker::/home/david/.cargo/registry/src/index.crates.io-6f17d22bba15001f/actix-server-2.4.0/src/worker.rs:595 - shutting down idle worker
2024-08-30 13:12:25 [actix_server::worker] INFO actix_server::worker::/home/david/.cargo/registry/src/index.crates.io-6f17d22bba15001f/actix-server-2.4.0/src/worker.rs:595 - shutting down idle worker
2024-08-30 13:12:54 [hdos_api] INFO hdos_api::src/main.rs:49 - Starting server..
2024-08-30 13:12:54 [hdos_api] INFO hdos_api::src/main.rs:79 - Starting server on 10.255.255.254:8000
2024-08-30 13:12:54 [actix_server::builder] INFO actix_server::builder::/home/david/.cargo/registry/src/index.crates.io-6f17d22bba15001f/actix-server-2.4.0/src/builder.rs:272 - starting 8 workers
2024-08-30 13:12:54 [actix_server::server] INFO actix_server::server::/home/david/.cargo/registry/src/index.crates.io-6f17d22bba15001f/actix-server-2.4.0/src/server.rs:196 - Actix runtime found; starting in Actix runtime
2024-08-30 21:45:04 [actix_server::server] INFO actix_server::server::/home/david/.cargo/registry/src/index.crates.io-6f17d22bba15001f/actix-server-2.4.0/src/server.rs:319 - SIGINT received; starting forced shutdown
2024-08-30 21:45:04 [actix_server::accept] INFO actix_server::accept::/home/david/.cargo/registry/src/index.crates.io-6f17d22bba15001f/actix-server-2.4.0/src/accept.rs:143 - accept thread stopped
2024-08-30 21:45:04 [actix_server::worker] INFO actix_server::worker::/home/david/.cargo/registry/src/index.crates.io-6f17d22bba15001f/actix-server-2.4.0/src/worker.rs:595 - shutting down idle worker
2024-08-30 21:45:04 [actix_server::worker] INFO actix_server::worker::/home/david/.cargo/registry/src/index.crates.io-6f17d22bba15001f/actix-server-2.4.0/src/worker.rs:595 - shutting down idle worker
2024-08-30 21:45:04 [actix_server::worker] INFO actix_server::worker::/home/david/.cargo/registry/src/index.crates.io-6f17d22bba15001f/actix-server-2.4.0/src/worker.rs:595 - shutting down idle worker
2024-08-30 21:45:04 [actix_server::worker] INFO actix_server::worker::/home/david/.cargo/registry/src/index.crates.io-6f17d22bba15001f/actix-server-2.4.0/src/worker.rs:595 - shutting down idle worker
2024-08-30 21:45:04 [actix_server::worker] INFO actix_server::worker::/home/david/.cargo/registry/src/index.crates.io-6f17d22bba15001f/actix-server-2.4.0/src/worker.rs:595 - shutting down idle worker
2024-08-30 21:45:04 [actix_server::worker] INFO actix_server::worker::/home/david/.cargo/registry/src/index.crates.io-6f17d22bba15001f/actix-server-2.4.0/src/worker.rs:595 - shutting down idle worker
2024-08-30 21:45:04 [actix_server::worker] INFO actix_server::worker::/home/david/.cargo/registry/src/index.crates.io-6f17d22bba15001f/actix-server-2.4.0/src/worker.rs:595 - shutting down idle worker
2024-08-30 21:45:04 [actix_server::worker] INFO actix_server::worker::/home/david/.cargo/registry/src/index.crates.io-6f17d22bba15001f/actix-server-2.4.0/src/worker.rs:595 - shutting down idle worker
2024-08-30 21:49:02 [hdos_api] INFO hdos_api::src/main.rs:49 - Starting server..
2024-08-30 21:49:02 [hdos_api] INFO hdos_api::src/main.rs:79 - Starting server on 10.255.255.254:8000
2024-08-30 21:49:02 [actix_server::builder] INFO actix_server::builder::/home/david/.cargo/registry/src/index.crates.io-6f17d22bba15001f/actix-server-2.4.0/src/builder.rs:272 - starting 8 workers
2024-08-30 21:49:02 [actix_server::server] INFO actix_server::server::/home/david/.cargo/registry/src/index.crates.io-6f17d22bba15001f/actix-server-2.4.0/src/server.rs:196 - Actix runtime found; starting in Actix runtime
2024-08-30 21:52:33 [actix_server::server] INFO actix_server::server::/home/david/.cargo/registry/src/index.crates.io-6f17d22bba15001f/actix-server-2.4.0/src/server.rs:319 - SIGINT received; starting forced shutdown
2024-08-30 21:52:33 [actix_server::accept] INFO actix_server::accept::/home/david/.cargo/registry/src/index.crates.io-6f17d22bba15001f/actix-server-2.4.0/src/accept.rs:143 - accept thread stopped
2024-08-30 21:52:33 [actix_server::worker] INFO actix_server::worker::/home/david/.cargo/registry/src/index.crates.io-6f17d22bba15001f/actix-server-2.4.0/src/worker.rs:595 - shutting down idle worker
2024-08-30 21:52:33 [actix_server::worker] INFO actix_server::worker::/home/david/.cargo/registry/src/index.crates.io-6f17d22bba15001f/actix-server-2.4.0/src/worker.rs:595 - shutting down idle worker
2024-08-30 21:52:33 [actix_server::worker] INFO actix_server::worker::/home/david/.cargo/registry/src/index.crates.io-6f17d22bba15001f/actix-server-2.4.0/src/worker.rs:595 - shutting down idle worker
2024-08-30 21:52:33 [actix_server::worker] INFO actix_server::worker::/home/david/.cargo/registry/src/index.crates.io-6f17d22bba15001f/actix-server-2.4.0/src/worker.rs:595 - shutting down idle worker
2024-08-30 21:52:33 [actix_server::worker] INFO actix_server::worker::/home/david/.cargo/registry/src/index.crates.io-6f17d22bba15001f/actix-server-2.4.0/src/worker.rs:595 - shutting down idle worker
2024-08-30 21:52:33 [actix_server::worker] INFO actix_server::worker::/home/david/.cargo/registry/src/index.crates.io-6f17d22bba15001f/actix-server-2.4.0/src/worker.rs:595 - shutting down idle worker
2024-08-30 21:52:33 [actix_server::worker] INFO actix_server::worker::/home/david/.cargo/registry/src/index.crates.io-6f17d22bba15001f/actix-server-2.4.0/src/worker.rs:595 - shutting down idle worker
2024-08-30 21:52:33 [actix_server::worker] INFO actix_server::worker::/home/david/.cargo/registry/src/index.crates.io-6f17d22bba15001f/actix-server-2.4.0/src/worker.rs:595 - shutting down idle worker
2024-08-30 21:52:35 [hdos_api] INFO hdos_api::src/main.rs:49 - Starting server..
2024-08-30 21:52:35 [hdos_api] INFO hdos_api::src/main.rs:79 - Starting server on 10.255.255.254:8000
2024-08-30 21:52:35 [actix_server::builder] INFO actix_server::builder::/home/david/.cargo/registry/src/index.crates.io-6f17d22bba15001f/actix-server-2.4.0/src/builder.rs:272 - starting 8 workers
2024-08-30 21:52:35 [actix_server::server] INFO actix_server::server::/home/david/.cargo/registry/src/index.crates.io-6f17d22bba15001f/actix-server-2.4.0/src/server.rs:196 - Actix runtime found; starting in Actix runtime
2024-08-30 21:56:53 [actix_server::server] INFO actix_server::server::/home/david/.cargo/registry/src/index.crates.io-6f17d22bba15001f/actix-server-2.4.0/src/server.rs:319 - SIGINT received; starting forced shutdown
2024-08-30 21:56:53 [actix_server::accept] INFO actix_server::accept::/home/david/.cargo/registry/src/index.crates.io-6f17d22bba15001f/actix-server-2.4.0/src/accept.rs:143 - accept thread stopped
2024-08-30 21:56:53 [actix_server::worker] INFO actix_server::worker::/home/david/.cargo/registry/src/index.crates.io-6f17d22bba15001f/actix-server-2.4.0/src/worker.rs:595 - shutting down idle worker
2024-08-30 21:56:53 [actix_server::worker] INFO actix_server::worker::/home/david/.cargo/registry/src/index.crates.io-6f17d22bba15001f/actix-server-2.4.0/src/worker.rs:595 - shutting down idle worker
2024-08-30 21:56:53 [actix_server::worker] INFO actix_server::worker::/home/david/.cargo/registry/src/index.crates.io-6f17d22bba15001f/actix-server-2.4.0/src/worker.rs:595 - shutting down idle worker
2024-08-30 21:56:53 [actix_server::worker] INFO actix_server::worker::/home/david/.cargo/registry/src/index.crates.io-6f17d22bba15001f/actix-server-2.4.0/src/worker.rs:595 - shutting down idle worker
2024-08-30 21:56:53 [actix_server::worker] INFO actix_server::worker::/home/david/.cargo/registry/src/index.crates.io-6f17d22bba15001f/actix-server-2.4.0/src/worker.rs:595 - shutting down idle worker
2024-08-30 21:56:53 [actix_server::worker] INFO actix_server::worker::/home/david/.cargo/registry/src/index.crates.io-6f17d22bba15001f/actix-server-2.4.0/src/worker.rs:595 - shutting down idle worker
2024-08-30 21:56:53 [actix_server::worker] INFO actix_server::worker::/home/david/.cargo/registry/src/index.crates.io-6f17d22bba15001f/actix-server-2.4.0/src/worker.rs:595 - shutting down idle worker
2024-08-30 21:56:53 [actix_server::worker] INFO actix_server::worker::/home/david/.cargo/registry/src/index.crates.io-6f17d22bba15001f/actix-server-2.4.0/src/worker.rs:595 - shutting down idle worker
2024-08-30 21:56:56 [hdos_api] INFO hdos_api::src/main.rs:49 - Starting server..
2024-08-30 21:56:56 [hdos_api] INFO hdos_api::src/main.rs:79 - Starting server on 10.255.255.254:8000
2024-08-30 21:56:56 [actix_server::builder] INFO actix_server::builder::/home/david/.cargo/registry/src/index.crates.io-6f17d22bba15001f/actix-server-2.4.0/src/builder.rs:272 - starting 8 workers
2024-08-30 21:56:56 [actix_server::server] INFO actix_server::server::/home/david/.cargo/registry/src/index.crates.io-6f17d22bba15001f/actix-server-2.4.0/src/server.rs:196 - Actix runtime found; starting in Actix runtime
2024-08-30 22:05:57 [actix_server::server] INFO actix_server::server::/home/david/.cargo/registry/src/index.crates.io-6f17d22bba15001f/actix-server-2.4.0/src/server.rs:319 - SIGINT received; starting forced shutdown
2024-08-30 22:05:57 [actix_server::accept] INFO actix_server::accept::/home/david/.cargo/registry/src/index.crates.io-6f17d22bba15001f/actix-server-2.4.0/src/accept.rs:143 - accept thread stopped
2024-08-30 22:05:57 [actix_server::worker] INFO actix_server::worker::/home/david/.cargo/registry/src/index.crates.io-6f17d22bba15001f/actix-server-2.4.0/src/worker.rs:595 - shutting down idle worker
2024-08-30 22:05:57 [actix_server::worker] INFO actix_server::worker::/home/david/.cargo/registry/src/index.crates.io-6f17d22bba15001f/actix-server-2.4.0/src/worker.rs:595 - shutting down idle worker
2024-08-30 22:05:57 [actix_server::worker] INFO actix_server::worker::/home/david/.cargo/registry/src/index.crates.io-6f17d22bba15001f/actix-server-2.4.0/src/worker.rs:595 - shutting down idle worker
2024-08-30 22:05:57 [actix_server::worker] INFO actix_server::worker::/home/david/.cargo/registry/src/index.crates.io-6f17d22bba15001f/actix-server-2.4.0/src/worker.rs:595 - shutting down idle worker
2024-08-30 22:05:57 [actix_server::worker] INFO actix_server::worker::/home/david/.cargo/registry/src/index.crates.io-6f17d22bba15001f/actix-server-2.4.0/src/worker.rs:595 - shutting down idle worker
2024-08-30 22:05:57 [actix_server::worker] INFO actix_server::worker::/home/david/.cargo/registry/src/index.crates.io-6f17d22bba15001f/actix-server-2.4.0/src/worker.rs:595 - shutting down idle worker
2024-08-30 22:05:57 [actix_server::worker] INFO actix_server::worker::/home/david/.cargo/registry/src/index.crates.io-6f17d22bba15001f/actix-server-2.4.0/src/worker.rs:595 - shutting down idle worker
2024-08-30 22:05:57 [actix_server::worker] INFO actix_server::worker::/home/david/.cargo/registry/src/index.crates.io-6f17d22bba15001f/actix-server-2.4.0/src/worker.rs:595 - shutting down idle worker
2024-08-30 22:07:05 [hdos_api] INFO hdos_api::src/main.rs:49 - Starting server..
2024-08-30 22:07:05 [hdos_api] INFO hdos_api::src/main.rs:79 - Starting server on 0.0.0.0:8000
2024-08-30 22:07:05 [actix_server::builder] INFO actix_server::builder::/home/david/.cargo/registry/src/index.crates.io-6f17d22bba15001f/actix-server-2.4.0/src/builder.rs:272 - starting 8 workers
2024-08-30 22:07:05 [actix_server::server] INFO actix_server::server::/home/david/.cargo/registry/src/index.crates.io-6f17d22bba15001f/actix-server-2.4.0/src/server.rs:196 - Actix runtime found; starting in Actix runtime
2024-08-30 22:25:26 [hdos_api::services::tcp] ERROR hdos_api::services::tcp::src/services/tcp.rs:9 -  error connecting to TCP stream Connection refused (os error 111)
2024-08-30 22:25:26 [hdos_api::controllers::user_controller] INFO hdos_api::controllers::user_controller::src/controllers/user_controller.rs:503 -  error from tcp Connection refused (os error 111)
2024-08-30 22:28:21 [actix_server::server] INFO actix_server::server::/home/david/.cargo/registry/src/index.crates.io-6f17d22bba15001f/actix-server-2.4.0/src/server.rs:319 - SIGINT received; starting forced shutdown
2024-08-30 22:28:21 [actix_server::accept] INFO actix_server::accept::/home/david/.cargo/registry/src/index.crates.io-6f17d22bba15001f/actix-server-2.4.0/src/accept.rs:143 - accept thread stopped
2024-08-30 22:28:21 [actix_server::worker] INFO actix_server::worker::/home/david/.cargo/registry/src/index.crates.io-6f17d22bba15001f/actix-server-2.4.0/src/worker.rs:595 - shutting down idle worker
2024-08-30 22:28:21 [actix_server::worker] INFO actix_server::worker::/home/david/.cargo/registry/src/index.crates.io-6f17d22bba15001f/actix-server-2.4.0/src/worker.rs:595 - shutting down idle worker
2024-08-30 22:28:21 [actix_server::worker] INFO actix_server::worker::/home/david/.cargo/registry/src/index.crates.io-6f17d22bba15001f/actix-server-2.4.0/src/worker.rs:595 - shutting down idle worker
2024-08-30 22:28:21 [actix_server::worker] INFO actix_server::worker::/home/david/.cargo/registry/src/index.crates.io-6f17d22bba15001f/actix-server-2.4.0/src/worker.rs:595 - shutting down idle worker
2024-08-30 22:28:21 [actix_server::worker] INFO actix_server::worker::/home/david/.cargo/registry/src/index.crates.io-6f17d22bba15001f/actix-server-2.4.0/src/worker.rs:595 - shutting down idle worker
2024-08-30 22:28:21 [actix_server::worker] INFO actix_server::worker::/home/david/.cargo/registry/src/index.crates.io-6f17d22bba15001f/actix-server-2.4.0/src/worker.rs:595 - shutting down idle worker
2024-08-30 22:28:21 [actix_server::worker] INFO actix_server::worker::/home/david/.cargo/registry/src/index.crates.io-6f17d22bba15001f/actix-server-2.4.0/src/worker.rs:595 - shutting down idle worker
2024-08-30 22:28:21 [actix_server::worker] INFO actix_server::worker::/home/david/.cargo/registry/src/index.crates.io-6f17d22bba15001f/actix-server-2.4.0/src/worker.rs:595 - shutting down idle worker
2024-08-30 22:28:24 [hdos_api] INFO hdos_api::src/main.rs:49 - Starting server..
2024-08-30 22:28:24 [hdos_api] INFO hdos_api::src/main.rs:79 - Starting server on 0.0.0.0:8000
2024-08-30 22:28:24 [actix_server::builder] INFO actix_server::builder::/home/david/.cargo/registry/src/index.crates.io-6f17d22bba15001f/actix-server-2.4.0/src/builder.rs:272 - starting 8 workers
2024-08-30 22:28:24 [actix_server::server] INFO actix_server::server::/home/david/.cargo/registry/src/index.crates.io-6f17d22bba15001f/actix-server-2.4.0/src/server.rs:196 - Actix runtime found; starting in Actix runtime
2024-08-30 22:29:08 [hdos_api::services::tcp] ERROR hdos_api::services::tcp::src/services/tcp.rs:9 -  error connecting to TCP stream invalid socket address
2024-08-30 22:29:08 [hdos_api::controllers::user_controller] INFO hdos_api::controllers::user_controller::src/controllers/user_controller.rs:503 -  error from tcp invalid socket address
2024-08-30 22:29:32 [actix_server::server] INFO actix_server::server::/home/david/.cargo/registry/src/index.crates.io-6f17d22bba15001f/actix-server-2.4.0/src/server.rs:319 - SIGINT received; starting forced shutdown
2024-08-30 22:29:32 [actix_server::accept] INFO actix_server::accept::/home/david/.cargo/registry/src/index.crates.io-6f17d22bba15001f/actix-server-2.4.0/src/accept.rs:143 - accept thread stopped
2024-08-30 22:29:32 [actix_server::worker] INFO actix_server::worker::/home/david/.cargo/registry/src/index.crates.io-6f17d22bba15001f/actix-server-2.4.0/src/worker.rs:595 - shutting down idle worker
2024-08-30 22:29:32 [actix_server::worker] INFO actix_server::worker::/home/david/.cargo/registry/src/index.crates.io-6f17d22bba15001f/actix-server-2.4.0/src/worker.rs:595 - shutting down idle worker
2024-08-30 22:29:32 [actix_server::worker] INFO actix_server::worker::/home/david/.cargo/registry/src/index.crates.io-6f17d22bba15001f/actix-server-2.4.0/src/worker.rs:595 - shutting down idle worker
2024-08-30 22:29:32 [actix_server::worker] INFO actix_server::worker::/home/david/.cargo/registry/src/index.crates.io-6f17d22bba15001f/actix-server-2.4.0/src/worker.rs:595 - shutting down idle worker
2024-08-30 22:29:32 [actix_server::worker] INFO actix_server::worker::/home/david/.cargo/registry/src/index.crates.io-6f17d22bba15001f/actix-server-2.4.0/src/worker.rs:595 - shutting down idle worker
2024-08-30 22:29:32 [actix_server::worker] INFO actix_server::worker::/home/david/.cargo/registry/src/index.crates.io-6f17d22bba15001f/actix-server-2.4.0/src/worker.rs:595 - shutting down idle worker
2024-08-30 22:29:32 [actix_server::worker] INFO actix_server::worker::/home/david/.cargo/registry/src/index.crates.io-6f17d22bba15001f/actix-server-2.4.0/src/worker.rs:595 - shutting down idle worker
2024-08-30 22:29:32 [actix_server::worker] INFO actix_server::worker::/home/david/.cargo/registry/src/index.crates.io-6f17d22bba15001f/actix-server-2.4.0/src/worker.rs:595 - shutting down idle worker
2024-08-30 22:29:33 [hdos_api] INFO hdos_api::src/main.rs:49 - Starting server..
2024-08-30 22:29:33 [hdos_api] INFO hdos_api::src/main.rs:79 - Starting server on 0.0.0.0:8000
2024-08-30 22:29:33 [actix_server::builder] INFO actix_server::builder::/home/david/.cargo/registry/src/index.crates.io-6f17d22bba15001f/actix-server-2.4.0/src/builder.rs:272 - starting 8 workers
2024-08-30 22:29:33 [actix_server::server] INFO actix_server::server::/home/david/.cargo/registry/src/index.crates.io-6f17d22bba15001f/actix-server-2.4.0/src/server.rs:196 - Actix runtime found; starting in Actix runtime
2024-08-30 22:30:38 [hdos_api::controllers::user_controller] ERROR hdos_api::controllers::user_controller::src/controllers/user_controller.rs:559 -  error creating user Kind: Server selection timeout: No available servers. Topology: { Type: Unknown, Servers: [ { Address: localhost:27017, Type: Unknown, Error: Kind: I/O error: Connection refused (os error 111), labels: {} } ] }, labels: {}
2024-08-30 22:40:13 [actix_server::server] INFO actix_server::server::/home/david/.cargo/registry/src/index.crates.io-6f17d22bba15001f/actix-server-2.4.0/src/server.rs:319 - SIGINT received; starting forced shutdown
2024-08-30 22:40:13 [actix_server::accept] INFO actix_server::accept::/home/david/.cargo/registry/src/index.crates.io-6f17d22bba15001f/actix-server-2.4.0/src/accept.rs:143 - accept thread stopped
2024-08-30 22:40:13 [actix_server::worker] INFO actix_server::worker::/home/david/.cargo/registry/src/index.crates.io-6f17d22bba15001f/actix-server-2.4.0/src/worker.rs:595 - shutting down idle worker
2024-08-30 22:40:13 [actix_server::worker] INFO actix_server::worker::/home/david/.cargo/registry/src/index.crates.io-6f17d22bba15001f/actix-server-2.4.0/src/worker.rs:595 - shutting down idle worker
2024-08-30 22:40:13 [actix_server::worker] INFO actix_server::worker::/home/david/.cargo/registry/src/index.crates.io-6f17d22bba15001f/actix-server-2.4.0/src/worker.rs:595 - shutting down idle worker
2024-08-30 22:40:13 [actix_server::worker] INFO actix_server::worker::/home/david/.cargo/registry/src/index.crates.io-6f17d22bba15001f/actix-server-2.4.0/src/worker.rs:595 - shutting down idle worker
2024-08-30 22:40:13 [actix_server::worker] INFO actix_server::worker::/home/david/.cargo/registry/src/index.crates.io-6f17d22bba15001f/actix-server-2.4.0/src/worker.rs:595 - shutting down idle worker
2024-08-30 22:40:13 [actix_server::worker] INFO actix_server::worker::/home/david/.cargo/registry/src/index.crates.io-6f17d22bba15001f/actix-server-2.4.0/src/worker.rs:595 - shutting down idle worker
2024-08-30 22:40:13 [actix_server::worker] INFO actix_server::worker::/home/david/.cargo/registry/src/index.crates.io-6f17d22bba15001f/actix-server-2.4.0/src/worker.rs:595 - shutting down idle worker
2024-08-30 22:40:13 [actix_server::worker] INFO actix_server::worker::/home/david/.cargo/registry/src/index.crates.io-6f17d22bba15001f/actix-server-2.4.0/src/worker.rs:595 - shutting down idle worker
2024-08-30 22:42:30 [hdos_api] INFO hdos_api::src/main.rs:49 - Starting server..
2024-08-30 22:42:30 [hdos_api] INFO hdos_api::src/main.rs:79 - Starting server on 0.0.0.0:8000
2024-08-30 22:42:30 [actix_server::builder] INFO actix_server::builder::/home/david/.cargo/registry/src/index.crates.io-6f17d22bba15001f/actix-server-2.4.0/src/builder.rs:272 - starting 8 workers
2024-08-30 22:42:30 [actix_server::server] INFO actix_server::server::/home/david/.cargo/registry/src/index.crates.io-6f17d22bba15001f/actix-server-2.4.0/src/server.rs:196 - Actix runtime found; starting in Actix runtime
2024-08-30 22:44:13 [hdos_api::controllers::user_controller] ERROR hdos_api::controllers::user_controller::src/controllers/user_controller.rs:559 -  error creating user Kind: Server selection timeout: No available servers. Topology: { Type: Unknown, Servers: [ { Address: localhost:27017, Type: Unknown, Error: Kind: I/O error: Connection refused (os error 111), labels: {} } ] }, labels: {}
2024-08-30 23:54:40 [actix_server::server] INFO actix_server::server::/home/david/.cargo/registry/src/index.crates.io-6f17d22bba15001f/actix-server-2.4.0/src/server.rs:319 - SIGINT received; starting forced shutdown
2024-08-30 23:54:40 [actix_server::accept] INFO actix_server::accept::/home/david/.cargo/registry/src/index.crates.io-6f17d22bba15001f/actix-server-2.4.0/src/accept.rs:143 - accept thread stopped
2024-08-30 23:54:40 [actix_server::worker] INFO actix_server::worker::/home/david/.cargo/registry/src/index.crates.io-6f17d22bba15001f/actix-server-2.4.0/src/worker.rs:595 - shutting down idle worker
2024-08-30 23:54:40 [actix_server::worker] INFO actix_server::worker::/home/david/.cargo/registry/src/index.crates.io-6f17d22bba15001f/actix-server-2.4.0/src/worker.rs:595 - shutting down idle worker
2024-08-30 23:54:40 [actix_server::worker] INFO actix_server::worker::/home/david/.cargo/registry/src/index.crates.io-6f17d22bba15001f/actix-server-2.4.0/src/worker.rs:595 - shutting down idle worker
2024-08-30 23:54:40 [actix_server::worker] INFO actix_server::worker::/home/david/.cargo/registry/src/index.crates.io-6f17d22bba15001f/actix-server-2.4.0/src/worker.rs:595 - shutting down idle worker
2024-08-30 23:54:40 [actix_server::worker] INFO actix_server::worker::/home/david/.cargo/registry/src/index.crates.io-6f17d22bba15001f/actix-server-2.4.0/src/worker.rs:595 - shutting down idle worker
2024-08-30 23:54:40 [actix_server::worker] INFO actix_server::worker::/home/david/.cargo/registry/src/index.crates.io-6f17d22bba15001f/actix-server-2.4.0/src/worker.rs:595 - shutting down idle worker
2024-08-30 23:54:40 [actix_server::worker] INFO actix_server::worker::/home/david/.cargo/registry/src/index.crates.io-6f17d22bba15001f/actix-server-2.4.0/src/worker.rs:595 - shutting down idle worker
2024-08-30 23:54:40 [actix_server::worker] INFO actix_server::worker::/home/david/.cargo/registry/src/index.crates.io-6f17d22bba15001f/actix-server-2.4.0/src/worker.rs:595 - shutting down idle worker
2024-08-30 23:54:43 [hdos_api] INFO hdos_api::src/main.rs:49 - Starting server..
2024-08-30 23:54:43 [hdos_api] INFO hdos_api::src/main.rs:79 - Starting server on 0.0.0.0:8000
2024-08-30 23:54:43 [actix_server::builder] INFO actix_server::builder::/home/david/.cargo/registry/src/index.crates.io-6f17d22bba15001f/actix-server-2.4.0/src/builder.rs:272 - starting 8 workers
2024-08-30 23:54:43 [actix_server::server] INFO actix_server::server::/home/david/.cargo/registry/src/index.crates.io-6f17d22bba15001f/actix-server-2.4.0/src/server.rs:196 - Actix runtime found; starting in Actix runtime
2024-08-31 00:22:50 [actix_server::server] INFO actix_server::server::/home/david/.cargo/registry/src/index.crates.io-6f17d22bba15001f/actix-server-2.4.0/src/server.rs:319 - SIGINT received; starting forced shutdown
2024-08-31 00:22:50 [actix_server::worker] INFO actix_server::worker::/home/david/.cargo/registry/src/index.crates.io-6f17d22bba15001f/actix-server-2.4.0/src/worker.rs:595 - shutting down idle worker
2024-08-31 00:22:50 [actix_server::worker] INFO actix_server::worker::/home/david/.cargo/registry/src/index.crates.io-6f17d22bba15001f/actix-server-2.4.0/src/worker.rs:595 - shutting down idle worker
2024-08-31 00:22:50 [actix_server::worker] INFO actix_server::worker::/home/david/.cargo/registry/src/index.crates.io-6f17d22bba15001f/actix-server-2.4.0/src/worker.rs:595 - shutting down idle worker
2024-08-31 00:22:50 [actix_server::worker] INFO actix_server::worker::/home/david/.cargo/registry/src/index.crates.io-6f17d22bba15001f/actix-server-2.4.0/src/worker.rs:595 - shutting down idle worker
2024-08-31 00:22:50 [actix_server::worker] INFO actix_server::worker::/home/david/.cargo/registry/src/index.crates.io-6f17d22bba15001f/actix-server-2.4.0/src/worker.rs:595 - shutting down idle worker
2024-08-31 00:22:50 [actix_server::accept] INFO actix_server::accept::/home/david/.cargo/registry/src/index.crates.io-6f17d22bba15001f/actix-server-2.4.0/src/accept.rs:143 - accept thread stopped
2024-08-31 00:22:50 [actix_server::worker] INFO actix_server::worker::/home/david/.cargo/registry/src/index.crates.io-6f17d22bba15001f/actix-server-2.4.0/src/worker.rs:595 - shutting down idle worker
2024-08-31 00:22:50 [actix_server::worker] INFO actix_server::worker::/home/david/.cargo/registry/src/index.crates.io-6f17d22bba15001f/actix-server-2.4.0/src/worker.rs:595 - shutting down idle worker
2024-08-31 00:22:50 [actix_server::worker] INFO actix_server::worker::/home/david/.cargo/registry/src/index.crates.io-6f17d22bba15001f/actix-server-2.4.0/src/worker.rs:595 - shutting down idle worker
2024-08-31 00:23:18 [hdos_api] INFO hdos_api::src/main.rs:49 - Starting server..
2024-08-31 00:23:18 [hdos_api] INFO hdos_api::src/main.rs:79 - Starting server on 0.0.0.0:8000
2024-08-31 00:23:18 [actix_server::builder] INFO actix_server::builder::/home/david/.cargo/registry/src/index.crates.io-6f17d22bba15001f/actix-server-2.4.0/src/builder.rs:272 - starting 8 workers
2024-08-31 00:23:18 [actix_server::server] INFO actix_server::server::/home/david/.cargo/registry/src/index.crates.io-6f17d22bba15001f/actix-server-2.4.0/src/server.rs:196 - Actix runtime found; starting in Actix runtime
2024-08-31 00:24:19 [hdos_api::controllers::user_controller] INFO hdos_api::controllers::user_controller::src/controllers/user_controller.rs:456 -  User exists 
2024-08-31 11:27:54 [hdos_api] INFO hdos_api::src/main.rs:49 - Starting server..
2024-08-31 11:28:31 [hdos_api] INFO hdos_api::src/main.rs:49 - Starting server..
2024-08-31 11:28:31 [hdos_api] INFO hdos_api::src/main.rs:79 - Starting server on 0.0.0.0:8000
2024-08-31 11:28:31 [actix_server::builder] INFO actix_server::builder::/home/david/.cargo/registry/src/index.crates.io-6f17d22bba15001f/actix-server-2.4.0/src/builder.rs:272 - starting 8 workers
2024-08-31 11:28:31 [actix_server::server] INFO actix_server::server::/home/david/.cargo/registry/src/index.crates.io-6f17d22bba15001f/actix-server-2.4.0/src/server.rs:196 - Actix runtime found; starting in Actix runtime
2024-08-31 11:35:39 [actix_server::server] INFO actix_server::server::/home/david/.cargo/registry/src/index.crates.io-6f17d22bba15001f/actix-server-2.4.0/src/server.rs:319 - SIGINT received; starting forced shutdown
2024-08-31 11:35:39 [actix_server::accept] INFO actix_server::accept::/home/david/.cargo/registry/src/index.crates.io-6f17d22bba15001f/actix-server-2.4.0/src/accept.rs:143 - accept thread stopped
2024-08-31 11:35:39 [actix_server::worker] INFO actix_server::worker::/home/david/.cargo/registry/src/index.crates.io-6f17d22bba15001f/actix-server-2.4.0/src/worker.rs:595 - shutting down idle worker
2024-08-31 11:35:39 [actix_server::worker] INFO actix_server::worker::/home/david/.cargo/registry/src/index.crates.io-6f17d22bba15001f/actix-server-2.4.0/src/worker.rs:595 - shutting down idle worker
2024-08-31 11:35:39 [actix_server::worker] INFO actix_server::worker::/home/david/.cargo/registry/src/index.crates.io-6f17d22bba15001f/actix-server-2.4.0/src/worker.rs:595 - shutting down idle worker
2024-08-31 11:35:39 [actix_server::worker] INFO actix_server::worker::/home/david/.cargo/registry/src/index.crates.io-6f17d22bba15001f/actix-server-2.4.0/src/worker.rs:595 - shutting down idle worker
2024-08-31 11:35:39 [actix_server::worker] INFO actix_server::worker::/home/david/.cargo/registry/src/index.crates.io-6f17d22bba15001f/actix-server-2.4.0/src/worker.rs:595 - shutting down idle worker
2024-08-31 11:35:39 [actix_server::worker] INFO actix_server::worker::/home/david/.cargo/registry/src/index.crates.io-6f17d22bba15001f/actix-server-2.4.0/src/worker.rs:595 - shutting down idle worker
2024-08-31 11:35:39 [actix_server::worker] INFO actix_server::worker::/home/david/.cargo/registry/src/index.crates.io-6f17d22bba15001f/actix-server-2.4.0/src/worker.rs:595 - shutting down idle worker
2024-08-31 11:35:39 [actix_server::worker] INFO actix_server::worker::/home/david/.cargo/registry/src/index.crates.io-6f17d22bba15001f/actix-server-2.4.0/src/worker.rs:595 - shutting down idle worker
2024-08-31 11:35:49 [hdos_api] INFO hdos_api::src/main.rs:49 - Starting server..
2024-08-31 11:35:49 [hdos_api] INFO hdos_api::src/main.rs:79 - Starting server on 0.0.0.0:8000
2024-08-31 11:35:49 [actix_server::builder] INFO actix_server::builder::/home/david/.cargo/registry/src/index.crates.io-6f17d22bba15001f/actix-server-2.4.0/src/builder.rs:272 - starting 8 workers
2024-08-31 11:35:49 [actix_server::server] INFO actix_server::server::/home/david/.cargo/registry/src/index.crates.io-6f17d22bba15001f/actix-server-2.4.0/src/server.rs:196 - Actix runtime found; starting in Actix runtime
2024-08-31 11:36:09 [actix_server::server] INFO actix_server::server::/home/david/.cargo/registry/src/index.crates.io-6f17d22bba15001f/actix-server-2.4.0/src/server.rs:319 - SIGINT received; starting forced shutdown
2024-08-31 11:36:09 [actix_server::accept] INFO actix_server::accept::/home/david/.cargo/registry/src/index.crates.io-6f17d22bba15001f/actix-server-2.4.0/src/accept.rs:143 - accept thread stopped
2024-08-31 11:36:09 [actix_server::worker] INFO actix_server::worker::/home/david/.cargo/registry/src/index.crates.io-6f17d22bba15001f/actix-server-2.4.0/src/worker.rs:595 - shutting down idle worker
2024-08-31 11:36:09 [actix_server::worker] INFO actix_server::worker::/home/david/.cargo/registry/src/index.crates.io-6f17d22bba15001f/actix-server-2.4.0/src/worker.rs:595 - shutting down idle worker
2024-08-31 11:36:09 [actix_server::worker] INFO actix_server::worker::/home/david/.cargo/registry/src/index.crates.io-6f17d22bba15001f/actix-server-2.4.0/src/worker.rs:595 - shutting down idle worker
2024-08-31 11:36:09 [actix_server::worker] INFO actix_server::worker::/home/david/.cargo/registry/src/index.crates.io-6f17d22bba15001f/actix-server-2.4.0/src/worker.rs:595 - shutting down idle worker
2024-08-31 11:36:09 [actix_server::worker] INFO actix_server::worker::/home/david/.cargo/registry/src/index.crates.io-6f17d22bba15001f/actix-server-2.4.0/src/worker.rs:595 - shutting down idle worker
2024-08-31 11:36:09 [actix_server::worker] INFO actix_server::worker::/home/david/.cargo/registry/src/index.crates.io-6f17d22bba15001f/actix-server-2.4.0/src/worker.rs:595 - shutting down idle worker
2024-08-31 11:36:09 [actix_server::worker] INFO actix_server::worker::/home/david/.cargo/registry/src/index.crates.io-6f17d22bba15001f/actix-server-2.4.0/src/worker.rs:595 - shutting down idle worker
2024-08-31 11:36:09 [actix_server::worker] INFO actix_server::worker::/home/david/.cargo/registry/src/index.crates.io-6f17d22bba15001f/actix-server-2.4.0/src/worker.rs:595 - shutting down idle worker
2024-08-31 12:06:42 [vhennus_server] INFO vhennus_server::src/main.rs:49 - Starting server..
2024-08-31 12:06:42 [vhennus_server] INFO vhennus_server::src/main.rs:90 - Starting server on 0.0.0.0:8000
2024-08-31 12:06:42 [actix_server::builder] INFO actix_server::builder::/home/david/.cargo/registry/src/index.crates.io-6f17d22bba15001f/actix-server-2.4.0/src/builder.rs:272 - starting 8 workers
2024-08-31 12:06:42 [actix_server::server] INFO actix_server::server::/home/david/.cargo/registry/src/index.crates.io-6f17d22bba15001f/actix-server-2.4.0/src/server.rs:196 - Actix runtime found; starting in Actix runtime
2024-08-31 12:06:59 [actix_server::server] INFO actix_server::server::/home/david/.cargo/registry/src/index.crates.io-6f17d22bba15001f/actix-server-2.4.0/src/server.rs:319 - SIGINT received; starting forced shutdown
2024-08-31 12:06:59 [actix_server::accept] INFO actix_server::accept::/home/david/.cargo/registry/src/index.crates.io-6f17d22bba15001f/actix-server-2.4.0/src/accept.rs:143 - accept thread stopped
2024-08-31 12:06:59 [actix_server::worker] INFO actix_server::worker::/home/david/.cargo/registry/src/index.crates.io-6f17d22bba15001f/actix-server-2.4.0/src/worker.rs:595 - shutting down idle worker
2024-08-31 12:06:59 [actix_server::worker] INFO actix_server::worker::/home/david/.cargo/registry/src/index.crates.io-6f17d22bba15001f/actix-server-2.4.0/src/worker.rs:595 - shutting down idle worker
2024-08-31 12:06:59 [actix_server::worker] INFO actix_server::worker::/home/david/.cargo/registry/src/index.crates.io-6f17d22bba15001f/actix-server-2.4.0/src/worker.rs:595 - shutting down idle worker
2024-08-31 12:06:59 [actix_server::worker] INFO actix_server::worker::/home/david/.cargo/registry/src/index.crates.io-6f17d22bba15001f/actix-server-2.4.0/src/worker.rs:595 - shutting down idle worker
2024-08-31 12:06:59 [actix_server::worker] INFO actix_server::worker::/home/david/.cargo/registry/src/index.crates.io-6f17d22bba15001f/actix-server-2.4.0/src/worker.rs:595 - shutting down idle worker
2024-08-31 12:06:59 [actix_server::worker] INFO actix_server::worker::/home/david/.cargo/registry/src/index.crates.io-6f17d22bba15001f/actix-server-2.4.0/src/worker.rs:595 - shutting down idle worker
2024-08-31 12:06:59 [actix_server::worker] INFO actix_server::worker::/home/david/.cargo/registry/src/index.crates.io-6f17d22bba15001f/actix-server-2.4.0/src/worker.rs:595 - shutting down idle worker
2024-08-31 12:06:59 [actix_server::worker] INFO actix_server::worker::/home/david/.cargo/registry/src/index.crates.io-6f17d22bba15001f/actix-server-2.4.0/src/worker.rs:595 - shutting down idle worker
2024-08-31 12:07:07 [vhennus_server] INFO vhennus_server::src/main.rs:49 - Starting server..
2024-08-31 12:07:07 [vhennus_server] INFO vhennus_server::src/main.rs:90 - Starting server on 10.255.255.254:8000
2024-08-31 12:07:07 [actix_server::builder] INFO actix_server::builder::/home/david/.cargo/registry/src/index.crates.io-6f17d22bba15001f/actix-server-2.4.0/src/builder.rs:272 - starting 8 workers
2024-08-31 12:07:07 [actix_server::server] INFO actix_server::server::/home/david/.cargo/registry/src/index.crates.io-6f17d22bba15001f/actix-server-2.4.0/src/server.rs:196 - Actix runtime found; starting in Actix runtime
2024-08-31 12:07:10 [actix_server::server] INFO actix_server::server::/home/david/.cargo/registry/src/index.crates.io-6f17d22bba15001f/actix-server-2.4.0/src/server.rs:319 - SIGINT received; starting forced shutdown
2024-08-31 12:07:10 [actix_server::accept] INFO actix_server::accept::/home/david/.cargo/registry/src/index.crates.io-6f17d22bba15001f/actix-server-2.4.0/src/accept.rs:143 - accept thread stopped
2024-08-31 12:07:10 [actix_server::worker] INFO actix_server::worker::/home/david/.cargo/registry/src/index.crates.io-6f17d22bba15001f/actix-server-2.4.0/src/worker.rs:595 - shutting down idle worker
2024-08-31 12:07:10 [actix_server::worker] INFO actix_server::worker::/home/david/.cargo/registry/src/index.crates.io-6f17d22bba15001f/actix-server-2.4.0/src/worker.rs:595 - shutting down idle worker
2024-08-31 12:07:10 [actix_server::worker] INFO actix_server::worker::/home/david/.cargo/registry/src/index.crates.io-6f17d22bba15001f/actix-server-2.4.0/src/worker.rs:595 - shutting down idle worker
2024-08-31 12:07:10 [actix_server::worker] INFO actix_server::worker::/home/david/.cargo/registry/src/index.crates.io-6f17d22bba15001f/actix-server-2.4.0/src/worker.rs:595 - shutting down idle worker
2024-08-31 12:07:10 [actix_server::worker] INFO actix_server::worker::/home/david/.cargo/registry/src/index.crates.io-6f17d22bba15001f/actix-server-2.4.0/src/worker.rs:595 - shutting down idle worker
2024-08-31 12:07:10 [actix_server::worker] INFO actix_server::worker::/home/david/.cargo/registry/src/index.crates.io-6f17d22bba15001f/actix-server-2.4.0/src/worker.rs:595 - shutting down idle worker
2024-08-31 12:07:10 [actix_server::worker] INFO actix_server::worker::/home/david/.cargo/registry/src/index.crates.io-6f17d22bba15001f/actix-server-2.4.0/src/worker.rs:595 - shutting down idle worker
2024-08-31 12:07:10 [actix_server::worker] INFO actix_server::worker::/home/david/.cargo/registry/src/index.crates.io-6f17d22bba15001f/actix-server-2.4.0/src/worker.rs:595 - shutting down idle worker
2024-08-31 12:49:42 [vhennus_server] INFO vhennus_server::src/main.rs:49 - Starting server..
2024-08-31 12:49:42 [vhennus_server] INFO vhennus_server::src/main.rs:90 - Starting server on 0.0.0.0:8000
2024-08-31 12:49:42 [actix_server::builder] INFO actix_server::builder::/home/david/.cargo/registry/src/index.crates.io-6f17d22bba15001f/actix-server-2.4.0/src/builder.rs:272 - starting 8 workers
2024-08-31 12:49:42 [actix_server::server] INFO actix_server::server::/home/david/.cargo/registry/src/index.crates.io-6f17d22bba15001f/actix-server-2.4.0/src/server.rs:196 - Actix runtime found; starting in Actix runtime
2024-08-31 13:36:05 [vhennus_server::controllers::user_controller] INFO vhennus_server::controllers::user_controller::src/controllers/user_controller.rs:456 -  User exists 
2024-09-01 11:33:12 [vhennus_server] INFO vhennus_server::src/main.rs:49 - Starting server..
2024-09-01 11:33:13 [vhennus_server] INFO vhennus_server::src/main.rs:90 - Starting server on 0.0.0.0:8000
2024-09-01 11:33:13 [actix_server::builder] INFO actix_server::builder::/home/david/.cargo/registry/src/index.crates.io-6f17d22bba15001f/actix-server-2.4.0/src/builder.rs:272 - starting 8 workers
2024-09-01 11:33:13 [actix_server::server] INFO actix_server::server::/home/david/.cargo/registry/src/index.crates.io-6f17d22bba15001f/actix-server-2.4.0/src/server.rs:196 - Actix runtime found; starting in Actix runtime
2024-09-01 11:33:54 [vhennus_server::controllers::user_controller] INFO vhennus_server::controllers::user_controller::src/controllers/user_controller.rs:456 -  User exists 
2024-09-01 14:50:09 [actix_server::server] INFO actix_server::server::/home/david/.cargo/registry/src/index.crates.io-6f17d22bba15001f/actix-server-2.4.0/src/server.rs:319 - SIGINT received; starting forced shutdown
2024-09-01 14:50:09 [actix_server::worker] INFO actix_server::worker::/home/david/.cargo/registry/src/index.crates.io-6f17d22bba15001f/actix-server-2.4.0/src/worker.rs:595 - shutting down idle worker
2024-09-01 14:50:09 [actix_server::accept] INFO actix_server::accept::/home/david/.cargo/registry/src/index.crates.io-6f17d22bba15001f/actix-server-2.4.0/src/accept.rs:143 - accept thread stopped
2024-09-01 14:50:09 [actix_server::worker] INFO actix_server::worker::/home/david/.cargo/registry/src/index.crates.io-6f17d22bba15001f/actix-server-2.4.0/src/worker.rs:595 - shutting down idle worker
2024-09-01 14:50:09 [actix_server::worker] INFO actix_server::worker::/home/david/.cargo/registry/src/index.crates.io-6f17d22bba15001f/actix-server-2.4.0/src/worker.rs:595 - shutting down idle worker
2024-09-01 14:50:09 [actix_server::worker] INFO actix_server::worker::/home/david/.cargo/registry/src/index.crates.io-6f17d22bba15001f/actix-server-2.4.0/src/worker.rs:595 - shutting down idle worker
2024-09-01 14:50:09 [actix_server::worker] INFO actix_server::worker::/home/david/.cargo/registry/src/index.crates.io-6f17d22bba15001f/actix-server-2.4.0/src/worker.rs:595 - shutting down idle worker
2024-09-01 14:50:09 [actix_server::worker] INFO actix_server::worker::/home/david/.cargo/registry/src/index.crates.io-6f17d22bba15001f/actix-server-2.4.0/src/worker.rs:595 - shutting down idle worker
2024-09-01 14:50:09 [actix_server::worker] INFO actix_server::worker::/home/david/.cargo/registry/src/index.crates.io-6f17d22bba15001f/actix-server-2.4.0/src/worker.rs:595 - shutting down idle worker
2024-09-01 14:50:09 [actix_server::worker] INFO actix_server::worker::/home/david/.cargo/registry/src/index.crates.io-6f17d22bba15001f/actix-server-2.4.0/src/worker.rs:595 - shutting down idle worker
2024-09-06 08:44:57 [vhennus_server] INFO vhennus_server::src/main.rs:49 - Starting server..
2024-09-06 08:44:57 [vhennus_server] INFO vhennus_server::src/main.rs:90 - Starting server on 0.0.0.0:8000
2024-09-06 08:44:57 [actix_server::builder] INFO actix_server::builder::/home/david/.cargo/registry/src/index.crates.io-6f17d22bba15001f/actix-server-2.4.0/src/builder.rs:272 - starting 8 workers
2024-09-06 08:44:57 [actix_server::server] INFO actix_server::server::/home/david/.cargo/registry/src/index.crates.io-6f17d22bba15001f/actix-server-2.4.0/src/server.rs:196 - Actix runtime found; starting in Actix runtime
2024-09-06 09:28:19 [vhennus_server::services::payment_method_service] ERROR vhennus_server::services::payment_method_service::src/services/payment_method_service.rs:73 -  error getting data from db Kind: Server selection timeout: No available servers. Topology: { Type: Unknown, Servers: [ { Address: localhost:27017, Type: Unknown, Error: Kind: I/O error: Connection refused (os error 111), labels: {} } ] }, labels: {}
2024-09-06 09:28:19 [vhennus_server::controllers::payment_method_controller] ERROR vhennus_server::controllers::payment_method_controller::src/controllers/payment_method_controller.rs:151 -  error  gettting user payment mthods Kind: Server selection timeout: No available servers. Topology: { Type: Unknown, Servers: [ { Address: localhost:27017, Type: Unknown, Error: Kind: I/O error: Connection refused (os error 111), labels: {} } ] }, labels: {}
2024-09-06 09:29:06 [vhennus_server::services::payment_method_service] ERROR vhennus_server::services::payment_method_service::src/services/payment_method_service.rs:73 -  error getting data from db Kind: Server selection timeout: No available servers. Topology: { Type: Unknown, Servers: [ { Address: localhost:27017, Type: Unknown, Error: Kind: I/O error: Connection refused (os error 111), labels: {} } ] }, labels: {}
2024-09-06 09:29:06 [vhennus_server::controllers::payment_method_controller] ERROR vhennus_server::controllers::payment_method_controller::src/controllers/payment_method_controller.rs:151 -  error  gettting user payment mthods Kind: Server selection timeout: No available servers. Topology: { Type: Unknown, Servers: [ { Address: localhost:27017, Type: Unknown, Error: Kind: I/O error: Connection refused (os error 111), labels: {} } ] }, labels: {}
2024-09-06 10:07:21 [vhennus_server] INFO vhennus_server::src/main.rs:49 - Starting server..
2024-09-06 10:07:21 [vhennus_server] INFO vhennus_server::src/main.rs:90 - Starting server on 0.0.0.0:8000
2024-09-06 10:07:21 [actix_server::builder] INFO actix_server::builder::/home/david/.cargo/registry/src/index.crates.io-6f17d22bba15001f/actix-server-2.4.0/src/builder.rs:272 - starting 8 workers
2024-09-06 10:07:21 [actix_server::server] INFO actix_server::server::/home/david/.cargo/registry/src/index.crates.io-6f17d22bba15001f/actix-server-2.4.0/src/server.rs:196 - Actix runtime found; starting in Actix runtime
2024-09-06 10:30:26 [actix_server::server] INFO actix_server::server::/home/david/.cargo/registry/src/index.crates.io-6f17d22bba15001f/actix-server-2.4.0/src/server.rs:319 - SIGINT received; starting forced shutdown
2024-09-06 10:30:26 [actix_server::accept] INFO actix_server::accept::/home/david/.cargo/registry/src/index.crates.io-6f17d22bba15001f/actix-server-2.4.0/src/accept.rs:143 - accept thread stopped
2024-09-06 10:30:26 [actix_server::worker] INFO actix_server::worker::/home/david/.cargo/registry/src/index.crates.io-6f17d22bba15001f/actix-server-2.4.0/src/worker.rs:595 - shutting down idle worker
2024-09-06 10:30:26 [actix_server::worker] INFO actix_server::worker::/home/david/.cargo/registry/src/index.crates.io-6f17d22bba15001f/actix-server-2.4.0/src/worker.rs:595 - shutting down idle worker
2024-09-06 10:30:26 [actix_server::worker] INFO actix_server::worker::/home/david/.cargo/registry/src/index.crates.io-6f17d22bba15001f/actix-server-2.4.0/src/worker.rs:595 - shutting down idle worker
2024-09-06 10:30:26 [actix_server::worker] INFO actix_server::worker::/home/david/.cargo/registry/src/index.crates.io-6f17d22bba15001f/actix-server-2.4.0/src/worker.rs:595 - shutting down idle worker
2024-09-06 10:30:26 [actix_server::worker] INFO actix_server::worker::/home/david/.cargo/registry/src/index.crates.io-6f17d22bba15001f/actix-server-2.4.0/src/worker.rs:595 - shutting down idle worker
2024-09-06 10:30:26 [actix_server::worker] INFO actix_server::worker::/home/david/.cargo/registry/src/index.crates.io-6f17d22bba15001f/actix-server-2.4.0/src/worker.rs:595 - shutting down idle worker
2024-09-06 10:30:26 [actix_server::worker] INFO actix_server::worker::/home/david/.cargo/registry/src/index.crates.io-6f17d22bba15001f/actix-server-2.4.0/src/worker.rs:595 - shutting down idle worker
2024-09-06 10:30:26 [actix_server::worker] INFO actix_server::worker::/home/david/.cargo/registry/src/index.crates.io-6f17d22bba15001f/actix-server-2.4.0/src/worker.rs:595 - shutting down idle worker
2024-09-06 10:30:28 [vhennus_server] INFO vhennus_server::src/main.rs:49 - Starting server..
2024-09-06 10:30:28 [vhennus_server] INFO vhennus_server::src/main.rs:90 - Starting server on 0.0.0.0:8000/payment_method/my_payment_methods
2024-09-06 10:30:46 [vhennus_server] INFO vhennus_server::src/main.rs:49 - Starting server..
2024-09-06 10:30:47 [vhennus_server] INFO vhennus_server::src/main.rs:90 - Starting server on 0.0.0.0:8000/payment_method/my_payment_methods
2024-09-06 10:32:01 [vhennus_server] INFO vhennus_server::src/main.rs:49 - Starting server..
2024-09-06 10:32:01 [vhennus_server] INFO vhennus_server::src/main.rs:90 - Starting server on 0.0.0.0:8000
2024-09-06 10:32:01 [actix_server::builder] INFO actix_server::builder::/home/david/.cargo/registry/src/index.crates.io-6f17d22bba15001f/actix-server-2.4.0/src/builder.rs:272 - starting 8 workers
2024-09-06 10:32:01 [actix_server::server] INFO actix_server::server::/home/david/.cargo/registry/src/index.crates.io-6f17d22bba15001f/actix-server-2.4.0/src/server.rs:196 - Actix runtime found; starting in Actix runtime
2024-09-06 10:33:37 [actix_server::server] INFO actix_server::server::/home/david/.cargo/registry/src/index.crates.io-6f17d22bba15001f/actix-server-2.4.0/src/server.rs:319 - SIGINT received; starting forced shutdown
2024-09-06 10:33:37 [actix_server::accept] INFO actix_server::accept::/home/david/.cargo/registry/src/index.crates.io-6f17d22bba15001f/actix-server-2.4.0/src/accept.rs:143 - accept thread stopped
2024-09-06 10:33:37 [actix_server::worker] INFO actix_server::worker::/home/david/.cargo/registry/src/index.crates.io-6f17d22bba15001f/actix-server-2.4.0/src/worker.rs:595 - shutting down idle worker
2024-09-06 10:33:38 [actix_server::worker] INFO actix_server::worker::/home/david/.cargo/registry/src/index.crates.io-6f17d22bba15001f/actix-server-2.4.0/src/worker.rs:595 - shutting down idle worker
2024-09-06 10:33:38 [actix_server::worker] INFO actix_server::worker::/home/david/.cargo/registry/src/index.crates.io-6f17d22bba15001f/actix-server-2.4.0/src/worker.rs:595 - shutting down idle worker
2024-09-06 10:33:38 [actix_server::worker] INFO actix_server::worker::/home/david/.cargo/registry/src/index.crates.io-6f17d22bba15001f/actix-server-2.4.0/src/worker.rs:595 - shutting down idle worker
2024-09-06 10:33:38 [actix_server::worker] INFO actix_server::worker::/home/david/.cargo/registry/src/index.crates.io-6f17d22bba15001f/actix-server-2.4.0/src/worker.rs:595 - shutting down idle worker
2024-09-06 10:33:38 [actix_server::worker] INFO actix_server::worker::/home/david/.cargo/registry/src/index.crates.io-6f17d22bba15001f/actix-server-2.4.0/src/worker.rs:595 - shutting down idle worker
2024-09-06 10:33:38 [actix_server::worker] INFO actix_server::worker::/home/david/.cargo/registry/src/index.crates.io-6f17d22bba15001f/actix-server-2.4.0/src/worker.rs:595 - shutting down idle worker
2024-09-06 10:33:38 [actix_server::worker] INFO actix_server::worker::/home/david/.cargo/registry/src/index.crates.io-6f17d22bba15001f/actix-server-2.4.0/src/worker.rs:595 - shutting down idle worker
2024-09-06 10:33:44 [vhennus_server] INFO vhennus_server::src/main.rs:49 - Starting server..
2024-09-06 10:33:45 [vhennus_server] INFO vhennus_server::src/main.rs:90 - Starting server on 0.0.0.0:8000
2024-09-06 10:33:45 [actix_server::builder] INFO actix_server::builder::/home/david/.cargo/registry/src/index.crates.io-6f17d22bba15001f/actix-server-2.4.0/src/builder.rs:272 - starting 8 workers
2024-09-06 10:33:45 [actix_server::server] INFO actix_server::server::/home/david/.cargo/registry/src/index.crates.io-6f17d22bba15001f/actix-server-2.4.0/src/server.rs:196 - Actix runtime found; starting in Actix runtime
2024-09-06 13:42:20 [actix_server::server] INFO actix_server::server::/home/david/.cargo/registry/src/index.crates.io-6f17d22bba15001f/actix-server-2.4.0/src/server.rs:319 - SIGINT received; starting forced shutdown
2024-09-06 13:42:20 [actix_server::accept] INFO actix_server::accept::/home/david/.cargo/registry/src/index.crates.io-6f17d22bba15001f/actix-server-2.4.0/src/accept.rs:143 - accept thread stopped
2024-09-06 13:42:20 [actix_server::worker] INFO actix_server::worker::/home/david/.cargo/registry/src/index.crates.io-6f17d22bba15001f/actix-server-2.4.0/src/worker.rs:595 - shutting down idle worker
2024-09-06 13:42:20 [actix_server::worker] INFO actix_server::worker::/home/david/.cargo/registry/src/index.crates.io-6f17d22bba15001f/actix-server-2.4.0/src/worker.rs:595 - shutting down idle worker
2024-09-06 13:42:20 [actix_server::worker] INFO actix_server::worker::/home/david/.cargo/registry/src/index.crates.io-6f17d22bba15001f/actix-server-2.4.0/src/worker.rs:595 - shutting down idle worker
2024-09-06 13:42:20 [actix_server::worker] INFO actix_server::worker::/home/david/.cargo/registry/src/index.crates.io-6f17d22bba15001f/actix-server-2.4.0/src/worker.rs:595 - shutting down idle worker
2024-09-06 13:42:20 [actix_server::worker] INFO actix_server::worker::/home/david/.cargo/registry/src/index.crates.io-6f17d22bba15001f/actix-server-2.4.0/src/worker.rs:595 - shutting down idle worker
2024-09-06 13:42:20 [actix_server::worker] INFO actix_server::worker::/home/david/.cargo/registry/src/index.crates.io-6f17d22bba15001f/actix-server-2.4.0/src/worker.rs:595 - shutting down idle worker
2024-09-06 13:42:20 [actix_server::worker] INFO actix_server::worker::/home/david/.cargo/registry/src/index.crates.io-6f17d22bba15001f/actix-server-2.4.0/src/worker.rs:595 - shutting down idle worker
2024-09-06 13:42:20 [actix_server::worker] INFO actix_server::worker::/home/david/.cargo/registry/src/index.crates.io-6f17d22bba15001f/actix-server-2.4.0/src/worker.rs:595 - shutting down idle worker
2024-09-06 23:09:19 [vhennus_server] INFO vhennus_server::src/main.rs:49 - Starting server..
2024-09-06 23:09:20 [vhennus_server] INFO vhennus_server::src/main.rs:90 - Starting server on 0.0.0.0:8000
2024-09-06 23:09:20 [actix_server::builder] INFO actix_server::builder::/home/david/.cargo/registry/src/index.crates.io-6f17d22bba15001f/actix-server-2.4.0/src/builder.rs:272 - starting 8 workers
2024-09-06 23:09:20 [actix_server::server] INFO actix_server::server::/home/david/.cargo/registry/src/index.crates.io-6f17d22bba15001f/actix-server-2.4.0/src/server.rs:196 - Actix runtime found; starting in Actix runtime
2024-09-06 23:11:14 [actix_server::server] INFO actix_server::server::/home/david/.cargo/registry/src/index.crates.io-6f17d22bba15001f/actix-server-2.4.0/src/server.rs:319 - SIGINT received; starting forced shutdown
2024-09-06 23:11:14 [actix_server::accept] INFO actix_server::accept::/home/david/.cargo/registry/src/index.crates.io-6f17d22bba15001f/actix-server-2.4.0/src/accept.rs:143 - accept thread stopped
2024-09-06 23:11:14 [actix_server::worker] INFO actix_server::worker::/home/david/.cargo/registry/src/index.crates.io-6f17d22bba15001f/actix-server-2.4.0/src/worker.rs:595 - shutting down idle worker
2024-09-06 23:11:14 [actix_server::worker] INFO actix_server::worker::/home/david/.cargo/registry/src/index.crates.io-6f17d22bba15001f/actix-server-2.4.0/src/worker.rs:595 - shutting down idle worker
2024-09-06 23:11:14 [actix_server::worker] INFO actix_server::worker::/home/david/.cargo/registry/src/index.crates.io-6f17d22bba15001f/actix-server-2.4.0/src/worker.rs:595 - shutting down idle worker
2024-09-06 23:11:14 [actix_server::worker] INFO actix_server::worker::/home/david/.cargo/registry/src/index.crates.io-6f17d22bba15001f/actix-server-2.4.0/src/worker.rs:595 - shutting down idle worker
2024-09-06 23:11:14 [actix_server::worker] INFO actix_server::worker::/home/david/.cargo/registry/src/index.crates.io-6f17d22bba15001f/actix-server-2.4.0/src/worker.rs:595 - shutting down idle worker
2024-09-06 23:11:14 [actix_server::worker] INFO actix_server::worker::/home/david/.cargo/registry/src/index.crates.io-6f17d22bba15001f/actix-server-2.4.0/src/worker.rs:595 - shutting down idle worker
2024-09-06 23:11:14 [actix_server::worker] INFO actix_server::worker::/home/david/.cargo/registry/src/index.crates.io-6f17d22bba15001f/actix-server-2.4.0/src/worker.rs:595 - shutting down idle worker
2024-09-06 23:11:14 [actix_server::worker] INFO actix_server::worker::/home/david/.cargo/registry/src/index.crates.io-6f17d22bba15001f/actix-server-2.4.0/src/worker.rs:595 - shutting down idle worker
2024-09-06 23:11:24 [vhennus_server] INFO vhennus_server::src/main.rs:49 - Starting server..
2024-09-06 23:11:25 [vhennus_server] INFO vhennus_server::src/main.rs:90 - Starting server on 0.0.0.0:8000
2024-09-06 23:11:25 [actix_server::builder] INFO actix_server::builder::/home/david/.cargo/registry/src/index.crates.io-6f17d22bba15001f/actix-server-2.4.0/src/builder.rs:272 - starting 8 workers
2024-09-06 23:11:25 [actix_server::server] INFO actix_server::server::/home/david/.cargo/registry/src/index.crates.io-6f17d22bba15001f/actix-server-2.4.0/src/server.rs:196 - Actix runtime found; starting in Actix runtime
2024-09-06 23:12:36 [actix_server::server] INFO actix_server::server::/home/david/.cargo/registry/src/index.crates.io-6f17d22bba15001f/actix-server-2.4.0/src/server.rs:319 - SIGINT received; starting forced shutdown
2024-09-06 23:12:36 [actix_server::accept] INFO actix_server::accept::/home/david/.cargo/registry/src/index.crates.io-6f17d22bba15001f/actix-server-2.4.0/src/accept.rs:143 - accept thread stopped
2024-09-06 23:12:36 [actix_server::worker] INFO actix_server::worker::/home/david/.cargo/registry/src/index.crates.io-6f17d22bba15001f/actix-server-2.4.0/src/worker.rs:595 - shutting down idle worker
2024-09-06 23:12:36 [actix_server::worker] INFO actix_server::worker::/home/david/.cargo/registry/src/index.crates.io-6f17d22bba15001f/actix-server-2.4.0/src/worker.rs:595 - shutting down idle worker
2024-09-06 23:12:36 [actix_server::worker] INFO actix_server::worker::/home/david/.cargo/registry/src/index.crates.io-6f17d22bba15001f/actix-server-2.4.0/src/worker.rs:595 - shutting down idle worker
2024-09-06 23:12:36 [actix_server::worker] INFO actix_server::worker::/home/david/.cargo/registry/src/index.crates.io-6f17d22bba15001f/actix-server-2.4.0/src/worker.rs:595 - shutting down idle worker
2024-09-06 23:12:36 [actix_server::worker] INFO actix_server::worker::/home/david/.cargo/registry/src/index.crates.io-6f17d22bba15001f/actix-server-2.4.0/src/worker.rs:595 - shutting down idle worker
2024-09-06 23:12:36 [actix_server::worker] INFO actix_server::worker::/home/david/.cargo/registry/src/index.crates.io-6f17d22bba15001f/actix-server-2.4.0/src/worker.rs:595 - shutting down idle worker
2024-09-06 23:12:36 [actix_server::worker] INFO actix_server::worker::/home/david/.cargo/registry/src/index.crates.io-6f17d22bba15001f/actix-server-2.4.0/src/worker.rs:595 - shutting down idle worker
2024-09-06 23:12:36 [actix_server::worker] INFO actix_server::worker::/home/david/.cargo/registry/src/index.crates.io-6f17d22bba15001f/actix-server-2.4.0/src/worker.rs:595 - shutting down idle worker
2024-09-06 23:12:46 [vhennus_server] INFO vhennus_server::src/main.rs:49 - Starting server..
2024-09-06 23:12:46 [vhennus_server] INFO vhennus_server::src/main.rs:90 - Starting server on 0.0.0.0:8000
2024-09-06 23:12:46 [actix_server::builder] INFO actix_server::builder::/home/david/.cargo/registry/src/index.crates.io-6f17d22bba15001f/actix-server-2.4.0/src/builder.rs:272 - starting 8 workers
2024-09-06 23:12:46 [actix_server::server] INFO actix_server::server::/home/david/.cargo/registry/src/index.crates.io-6f17d22bba15001f/actix-server-2.4.0/src/server.rs:196 - Actix runtime found; starting in Actix runtime
